2017-03-24 16:54:29 - MOD: Modification Default
FILE: system/engine/action.php
REGEX: ~(require|include)(_once)?\(([^)]+)~
LINE: 34
FILE: system/engine/loader.php
REGEX: ~(require|include)(_once)?\(([^)]+)~
LINE: 41
LINE: 92
LINE: 104
LINE: 142
FILE: system/library/config.php
REGEX: ~(require|include)(_once)?\(([^)]+)~
LINE: 23
FILE: system/library/language.php
REGEX: ~(require|include)(_once)?\(([^)]+)~
LINE: 35
LINE: 41
LINE: 47
FILE: system/library/template/basic.php
REGEX: ~(require|include)(_once)?\(([^)]+)~
LINE: 18
----------------------------------------------------------------
MOD: Journal2
CODE: public function __construct($registry) {
LINE: 15
CODE: public function set($key, $value) {
LINE: 18
FILE: admin/controller/common/menu.php
CODE: $this->load->language('common/menu');
LINE: 19
FILE: admin/view/template/common/menu.tpl
CODE: <li><a class="parent"><?php echo $text_marketing; ?></a>
LINE: 203
FILE: admin/controller/marketing/contact.php
CODE: $this->load->model('sale/customer');
NOT FOUND!
CODE: $email_total = $this->model_sale_customer->getTotalCustomers($customer_data);
NOT FOUND!
CODE: $results = $this->model_sale_customer->getCustomers($customer_data);
NOT FOUND!
CODE: $this->load->model('customer/customer');
LINE: 102
CODE: $email_total = $this->model_customer_customer->getTotalCustomers($customer_data);
LINE: 128
CODE: $results = $this->model_customer_customer->getCustomers($customer_data);
LINE: 130
FILE: admin/controller/tool/backup.php
CODE: $this->error['warning'] = $this->language->get('error_empty');
LINE: 25
CODE: public function index() {
LINE: 10
FILE: admin/view/template/tool/backup.tpl
CODE: <input type="file" name="import" id="input-import" />
LINE: 36
FILE: admin/model/tool/backup.php
CODE: $values .= '\'' . $value . '\', ';
LINE: 81
CODE: $output .= 'TRUNCATE TABLE `' . $table . '`;' . "\n\n";
LINE: 51
CODE: $sql = trim($sql);
LINE: 17
FILE: catalog/controller/common/header.php
CODE: $categories = $this->model_catalog_category->getCategories(0);
LINE: 94
FILE: catalog/controller/common/footer.php
CODE: foreach ($this->model_catalog_information->getInformations() as $result) {
LINE: 26
FILE: system/library/response.php
CODE: if ($this->output) {
LINE: 83
FILE: catalog/model/tool/image.php
CODE: return $this->config->get('config_ssl') . 'image/' . $new_image;
LINE: 37
CODE: return $this->config->get('config_url') . 'image/' . $new_image;
LINE: 39
CODE: public function resize($filename, $width, $height) {
LINE: 2
CODE: $image->resize($width, $height);
LINE: 29
FILE: admin/model/extension/module.php
CODE: $this->db->query("DELETE FROM `" . DB_PREFIX . "layout_module` WHERE `code` LIKE '%." . (int)$module_id . "'");
LINE: 12
CODE: public function deleteModulesByCode($code) {
LINE: 42
FILE: admin/model/design/layout.php
CODE: $query = $this->db->query("SELECT * FROM " . DB_PREFIX . "layout_module WHERE layout_id = '" . (int)$layout_id . "'");
NOT FOUND!
CODE: $query = $this->db->query("SELECT * FROM " . DB_PREFIX . "layout_module WHERE layout_id = '" . (int)$layout_id . "' ORDER BY position ASC, sort_order ASC");
LINE: 98
CODE: $this->db->query("DELETE FROM " . DB_PREFIX . "layout_module WHERE layout_id = '" . (int)$layout_id . "'");
LINE: 33
FILE: catalog/controller/common/content_top.php
CODE: $part = explode('.', $module['code']);
LINE: 63
FILE: catalog/controller/common/content_bottom.php
CODE: $part = explode('.', $module['code']);
LINE: 63
FILE: catalog/controller/common/column_left.php
CODE: $part = explode('.', $module['code']);
LINE: 63
FILE: catalog/controller/common/column_right.php
CODE: $part = explode('.', $module['code']);
LINE: 63
FILE: catalog/model/design/layout.php
CODE: $query = $this->db->query("SELECT * FROM " . DB_PREFIX . "layout_route WHERE '" . $this->db->escape($route) . "' LIKE route AND store_id = '" . (int)$this->config->get('config_store_id') . "' ORDER BY route DESC LIMIT 1");
LINE: 3
CODE: $query = $this->db->query("SELECT * FROM " . DB_PREFIX . "layout_module WHERE layout_id = '" . (int)$layout_id . "' AND position = '" . $this->db->escape($position) . "' ORDER BY sort_order");
LINE: 13
FILE: catalog/controller/product/product.php
CODE: if ((float)$product_info['special']) {
LINE: 322
CODE: $data['products'][] = array(
LINE: 459
CODE: 'special'     => $special,
LINE: 468
FILE: catalog/controller/product/category.php
CODE: $data['products'][] = array(
LINE: 222
CODE: 'special'     => $special,
LINE: 231
FILE: catalog/controller/product/manufacturer.php
CODE: $data['products'][] = array(
LINE: 219
CODE: 'special'     => $special,
LINE: 228
FILE: catalog/controller/product/search.php
CODE: $data['products'][] = array(
LINE: 256
CODE: 'special'     => $special,
LINE: 265
FILE: catalog/controller/product/special.php
CODE: $data['products'][] = array(
LINE: 141
CODE: 'special'     => $special,
LINE: 150
FILE: catalog/controller/checkout/cart.php
CODE: $json['success'] = sprintf($this->language->get('text_success'), $this->url->link('product/product', 'product_id=' . $this->request->post['product_id']), $product_info['name'], $this->url->link('checkout/cart'));
LINE: 351
FILE: catalog/controller/account/wishlist.php
CODE: $json['total'] = sprintf($this->language->get('text_wishlist'), (isset($this->session->data['wishlist']) ? count($this->session->data['wishlist']) : 0));
LINE: 172
FILE: catalog/controller/product/compare.php
CODE: $json['success'] = sprintf($this->language->get('text_success'), $this->url->link('product/product', 'product_id=' . $this->request->post['product_id']), $product_info['name'], $this->url->link('product/compare'));
LINE: 192
FILE: catalog/controller/common/cart.php
CODE: $image = '';
LINE: 67
CODE: $image = '';
LINE: 93
CODE: $data['popup'] = '';
LINE: 286
CODE: $data['thumb'] = '';
LINE: 292
CODE: $data['manufacturer'] = $product_info['manufacturer'];
LINE: 286
CODE: $data['popup'] = $this->model_tool_image->resize($product_info['image'], $this->config->get('config_image_popup_width'), $this->config->get('config_image_popup_height'));
NOT FOUND!
CODE: $this->load->model('catalog/product');
LINE: 159
CODE: if ($product_info['quantity'] <= 0) {
LINE: 305
CODE: 'thumb'       => $image,
LINE: 496
CODE: $this->load->model('catalog/product');
LINE: 8
LINE: 179
CODE: 'thumb'        => $image,
LINE: 121
CODE: $this->load->model('catalog/product');
LINE: 16
LINE: 147
CODE: 'thumb'      => $image,
LINE: 110
CODE: $this->load->model('catalog/product');
LINE: 10
CODE: 'thumb'       => $image,
LINE: 230
CODE: $this->load->model('catalog/product');
LINE: 71
CODE: 'thumb'       => $image,
LINE: 227
CODE: $this->load->model('catalog/product');
LINE: 10
CODE: 'thumb'       => $image,
LINE: 264
CODE: $this->load->model('catalog/product');
LINE: 8
CODE: 'thumb'       => $image,
LINE: 149
FILE: catalog/controller/module/bestseller.php
CODE: $this->load->model('catalog/product');
LINE: 16
CODE: 'thumb'       => $image,
LINE: 61
FILE: catalog/controller/module/latest.php
CODE: $this->load->model('catalog/product');
LINE: 16
CODE: 'thumb'       => $image,
LINE: 68
FILE: catalog/controller/module/special.php
CODE: $this->load->model('catalog/product');
LINE: 16
CODE: 'thumb'       => $image,
LINE: 68
FILE: catalog/controller/module/featured.php
CODE: $this->load->model('catalog/product');
LINE: 16
CODE: 'thumb'       => $image,
LINE: 68
CODE: $data['products'][] = array(
LINE: 500
CODE: 'thumb'       => $image,
LINE: 505
CODE: $data['products'][] = array(
LINE: 234
CODE: 'thumb'       => $image,
LINE: 239
CODE: $data['products'][] = array(
LINE: 231
CODE: 'thumb'       => $image,
LINE: 236
CODE: $data['products'][] = array(
LINE: 268
CODE: 'thumb'       => $image,
LINE: 273
CODE: $data['products'][] = array(
LINE: 153
CODE: 'thumb'       => $image,
LINE: 158
CODE: $data['products'][] = array(
LINE: 65
CODE: 'thumb'       => $image,
LINE: 70
CODE: $data['products'][] = array(
LINE: 72
CODE: 'thumb'       => $image,
LINE: 77
CODE: $data['products'][] = array(
LINE: 72
CODE: 'thumb'       => $image,
LINE: 77
CODE: $data['products'][] = array(
LINE: 72
CODE: 'thumb'       => $image,
LINE: 77
FILE: catalog/controller/feed/google_sitemap.php
CODE: $output .= '</urlset>';
LINE: 85
CODE: $layout_id = 0;
LINE: 22
CODE: $layout_id = 0;
LINE: 22
CODE: $layout_id = 0;
LINE: 22
CODE: $layout_id = 0;
LINE: 22
FILE: admin/controller/common/filemanager.php
CODE: . 'catalog
LINE: 13
LINE: 15
LINE: 70
LINE: 212
LINE: 214
LINE: 288
LINE: 290
LINE: 345
CODE: $name = str_split(basename($image), 14);
LINE: 58
CODE: } elseif (is_file($image)) {
LINE: 92
FILE: admin/view/template/common/filemanager.tpl
CODE: <div class="modal-dialog modal-lg">
LINE: 47
CODE: $('a.directory').on('click', function(e) {
LINE: 120
CODE: //--></script>
LINE: 304
CODE: <?php } else { ?>
NOT FOUND!
FILE: catalog/controller/checkout/checkout.php
CODE: $data['breadcrumbs'] = array();
LINE: 43
FILE: admin/model/localisation/currency.php
CODE: $this->db->query("UPDATE " . DB_PREFIX . "currency SET value = '1.00000', date_modified = '" .  $this->db->escape(date('Y-m-d H:i:s')) . "' WHERE code = '" . $this->db->escape($this->config->get('config_currency')) . "'");
LINE: 150
FILE: catalog/controller/startup/startup.php
CODE: foreach ($query->rows as $result) {
LINE: 30
FILE: catalog/controller/event/theme.php
CODE: $directory = $this->config->get('theme_default_directory');
LINE: 18
----------------------------------------------------------------
2017-03-24 17:20:45 - MOD: Modification Default
FILE: system/engine/action.php
REGEX: ~(require|include)(_once)?\(([^)]+)~
LINE: 34
FILE: system/engine/loader.php
REGEX: ~(require|include)(_once)?\(([^)]+)~
LINE: 41
LINE: 92
LINE: 104
LINE: 142
FILE: system/library/config.php
REGEX: ~(require|include)(_once)?\(([^)]+)~
LINE: 23
FILE: system/library/language.php
REGEX: ~(require|include)(_once)?\(([^)]+)~
LINE: 35
LINE: 41
LINE: 47
FILE: system/library/template/basic.php
REGEX: ~(require|include)(_once)?\(([^)]+)~
LINE: 18
----------------------------------------------------------------
MOD: Journal2
CODE: public function __construct($registry) {
LINE: 15
CODE: public function set($key, $value) {
LINE: 18
FILE: admin/controller/common/menu.php
CODE: $this->load->language('common/menu');
LINE: 19
FILE: admin/view/template/common/menu.tpl
CODE: <li><a class="parent"><?php echo $text_marketing; ?></a>
LINE: 203
FILE: admin/controller/marketing/contact.php
CODE: $this->load->model('sale/customer');
NOT FOUND!
CODE: $email_total = $this->model_sale_customer->getTotalCustomers($customer_data);
NOT FOUND!
CODE: $results = $this->model_sale_customer->getCustomers($customer_data);
NOT FOUND!
CODE: $this->load->model('customer/customer');
LINE: 102
CODE: $email_total = $this->model_customer_customer->getTotalCustomers($customer_data);
LINE: 128
CODE: $results = $this->model_customer_customer->getCustomers($customer_data);
LINE: 130
FILE: admin/controller/tool/backup.php
CODE: $this->error['warning'] = $this->language->get('error_empty');
LINE: 25
CODE: public function index() {
LINE: 10
FILE: admin/view/template/tool/backup.tpl
CODE: <input type="file" name="import" id="input-import" />
LINE: 36
FILE: admin/model/tool/backup.php
CODE: $values .= '\'' . $value . '\', ';
LINE: 81
CODE: $output .= 'TRUNCATE TABLE `' . $table . '`;' . "\n\n";
LINE: 51
CODE: $sql = trim($sql);
LINE: 17
FILE: catalog/controller/common/header.php
CODE: $categories = $this->model_catalog_category->getCategories(0);
LINE: 94
FILE: catalog/controller/common/footer.php
CODE: foreach ($this->model_catalog_information->getInformations() as $result) {
LINE: 26
FILE: system/library/response.php
CODE: if ($this->output) {
LINE: 83
FILE: catalog/model/tool/image.php
CODE: return $this->config->get('config_ssl') . 'image/' . $new_image;
LINE: 37
CODE: return $this->config->get('config_url') . 'image/' . $new_image;
LINE: 39
CODE: public function resize($filename, $width, $height) {
LINE: 2
CODE: $image->resize($width, $height);
LINE: 29
FILE: admin/model/extension/module.php
CODE: $this->db->query("DELETE FROM `" . DB_PREFIX . "layout_module` WHERE `code` LIKE '%." . (int)$module_id . "'");
LINE: 12
CODE: public function deleteModulesByCode($code) {
LINE: 42
FILE: admin/model/design/layout.php
CODE: $query = $this->db->query("SELECT * FROM " . DB_PREFIX . "layout_module WHERE layout_id = '" . (int)$layout_id . "'");
NOT FOUND!
CODE: $query = $this->db->query("SELECT * FROM " . DB_PREFIX . "layout_module WHERE layout_id = '" . (int)$layout_id . "' ORDER BY position ASC, sort_order ASC");
LINE: 98
CODE: $this->db->query("DELETE FROM " . DB_PREFIX . "layout_module WHERE layout_id = '" . (int)$layout_id . "'");
LINE: 33
FILE: catalog/controller/common/content_top.php
CODE: $part = explode('.', $module['code']);
LINE: 63
FILE: catalog/controller/common/content_bottom.php
CODE: $part = explode('.', $module['code']);
LINE: 63
FILE: catalog/controller/common/column_left.php
CODE: $part = explode('.', $module['code']);
LINE: 63
FILE: catalog/controller/common/column_right.php
CODE: $part = explode('.', $module['code']);
LINE: 63
FILE: catalog/model/design/layout.php
CODE: $query = $this->db->query("SELECT * FROM " . DB_PREFIX . "layout_route WHERE '" . $this->db->escape($route) . "' LIKE route AND store_id = '" . (int)$this->config->get('config_store_id') . "' ORDER BY route DESC LIMIT 1");
LINE: 3
CODE: $query = $this->db->query("SELECT * FROM " . DB_PREFIX . "layout_module WHERE layout_id = '" . (int)$layout_id . "' AND position = '" . $this->db->escape($position) . "' ORDER BY sort_order");
LINE: 13
FILE: catalog/controller/product/product.php
CODE: if ((float)$product_info['special']) {
LINE: 322
CODE: $data['products'][] = array(
LINE: 459
CODE: 'special'     => $special,
LINE: 468
FILE: catalog/controller/product/category.php
CODE: $data['products'][] = array(
LINE: 222
CODE: 'special'     => $special,
LINE: 231
FILE: catalog/controller/product/manufacturer.php
CODE: $data['products'][] = array(
LINE: 219
CODE: 'special'     => $special,
LINE: 228
FILE: catalog/controller/product/search.php
CODE: $data['products'][] = array(
LINE: 256
CODE: 'special'     => $special,
LINE: 265
FILE: catalog/controller/product/special.php
CODE: $data['products'][] = array(
LINE: 141
CODE: 'special'     => $special,
LINE: 150
FILE: catalog/controller/checkout/cart.php
CODE: $json['success'] = sprintf($this->language->get('text_success'), $this->url->link('product/product', 'product_id=' . $this->request->post['product_id']), $product_info['name'], $this->url->link('checkout/cart'));
LINE: 351
FILE: catalog/controller/account/wishlist.php
CODE: $json['total'] = sprintf($this->language->get('text_wishlist'), (isset($this->session->data['wishlist']) ? count($this->session->data['wishlist']) : 0));
LINE: 172
FILE: catalog/controller/product/compare.php
CODE: $json['success'] = sprintf($this->language->get('text_success'), $this->url->link('product/product', 'product_id=' . $this->request->post['product_id']), $product_info['name'], $this->url->link('product/compare'));
LINE: 192
FILE: catalog/controller/common/cart.php
CODE: $image = '';
LINE: 67
CODE: $image = '';
LINE: 93
CODE: $data['popup'] = '';
LINE: 286
CODE: $data['thumb'] = '';
LINE: 292
CODE: $data['manufacturer'] = $product_info['manufacturer'];
LINE: 286
CODE: $data['popup'] = $this->model_tool_image->resize($product_info['image'], $this->config->get('config_image_popup_width'), $this->config->get('config_image_popup_height'));
NOT FOUND!
CODE: $this->load->model('catalog/product');
LINE: 159
CODE: if ($product_info['quantity'] <= 0) {
LINE: 305
CODE: 'thumb'       => $image,
LINE: 496
CODE: $this->load->model('catalog/product');
LINE: 8
LINE: 179
CODE: 'thumb'        => $image,
LINE: 121
CODE: $this->load->model('catalog/product');
LINE: 16
LINE: 147
CODE: 'thumb'      => $image,
LINE: 110
CODE: $this->load->model('catalog/product');
LINE: 10
CODE: 'thumb'       => $image,
LINE: 230
CODE: $this->load->model('catalog/product');
LINE: 71
CODE: 'thumb'       => $image,
LINE: 227
CODE: $this->load->model('catalog/product');
LINE: 10
CODE: 'thumb'       => $image,
LINE: 264
CODE: $this->load->model('catalog/product');
LINE: 8
CODE: 'thumb'       => $image,
LINE: 149
FILE: catalog/controller/module/bestseller.php
CODE: $this->load->model('catalog/product');
LINE: 16
CODE: 'thumb'       => $image,
LINE: 61
FILE: catalog/controller/module/latest.php
CODE: $this->load->model('catalog/product');
LINE: 16
CODE: 'thumb'       => $image,
LINE: 68
FILE: catalog/controller/module/special.php
CODE: $this->load->model('catalog/product');
LINE: 16
CODE: 'thumb'       => $image,
LINE: 68
FILE: catalog/controller/module/featured.php
CODE: $this->load->model('catalog/product');
LINE: 16
CODE: 'thumb'       => $image,
LINE: 68
CODE: $data['products'][] = array(
LINE: 500
CODE: 'thumb'       => $image,
LINE: 505
CODE: $data['products'][] = array(
LINE: 234
CODE: 'thumb'       => $image,
LINE: 239
CODE: $data['products'][] = array(
LINE: 231
CODE: 'thumb'       => $image,
LINE: 236
CODE: $data['products'][] = array(
LINE: 268
CODE: 'thumb'       => $image,
LINE: 273
CODE: $data['products'][] = array(
LINE: 153
CODE: 'thumb'       => $image,
LINE: 158
CODE: $data['products'][] = array(
LINE: 65
CODE: 'thumb'       => $image,
LINE: 70
CODE: $data['products'][] = array(
LINE: 72
CODE: 'thumb'       => $image,
LINE: 77
CODE: $data['products'][] = array(
LINE: 72
CODE: 'thumb'       => $image,
LINE: 77
CODE: $data['products'][] = array(
LINE: 72
CODE: 'thumb'       => $image,
LINE: 77
FILE: catalog/controller/feed/google_sitemap.php
CODE: $output .= '</urlset>';
LINE: 85
CODE: $layout_id = 0;
LINE: 22
CODE: $layout_id = 0;
LINE: 22
CODE: $layout_id = 0;
LINE: 22
CODE: $layout_id = 0;
LINE: 22
FILE: admin/controller/common/filemanager.php
CODE: . 'catalog
LINE: 13
LINE: 15
LINE: 70
LINE: 212
LINE: 214
LINE: 288
LINE: 290
LINE: 345
CODE: $name = str_split(basename($image), 14);
LINE: 58
CODE: } elseif (is_file($image)) {
LINE: 92
FILE: admin/view/template/common/filemanager.tpl
CODE: <div class="modal-dialog modal-lg">
LINE: 47
CODE: $('a.directory').on('click', function(e) {
LINE: 120
CODE: //--></script>
LINE: 304
CODE: <?php } else { ?>
NOT FOUND!
FILE: catalog/controller/checkout/checkout.php
CODE: $data['breadcrumbs'] = array();
LINE: 43
FILE: admin/model/localisation/currency.php
CODE: $this->db->query("UPDATE " . DB_PREFIX . "currency SET value = '1.00000', date_modified = '" .  $this->db->escape(date('Y-m-d H:i:s')) . "' WHERE code = '" . $this->db->escape($this->config->get('config_currency')) . "'");
LINE: 150
FILE: catalog/controller/startup/startup.php
CODE: foreach ($query->rows as $result) {
LINE: 30
FILE: catalog/controller/event/theme.php
CODE: $directory = $this->config->get('theme_default_directory');
LINE: 18
----------------------------------------------------------------
2017-04-29 20:14:26 - MOD: Modification Default
FILE: system/engine/action.php
REGEX: ~(require|include)(_once)?\(([^)]+)~
LINE: 34
FILE: system/engine/loader.php
REGEX: ~(require|include)(_once)?\(([^)]+)~
LINE: 41
LINE: 92
LINE: 104
LINE: 142
FILE: system/library/config.php
REGEX: ~(require|include)(_once)?\(([^)]+)~
LINE: 23
FILE: system/library/language.php
REGEX: ~(require|include)(_once)?\(([^)]+)~
LINE: 35
LINE: 41
LINE: 47
FILE: system/library/template/basic.php
REGEX: ~(require|include)(_once)?\(([^)]+)~
LINE: 18
----------------------------------------------------------------
MOD: Journal2
CODE: public function __construct($registry) {
LINE: 15
CODE: public function set($key, $value) {
LINE: 18
FILE: admin/controller/common/menu.php
CODE: $this->load->language('common/menu');
LINE: 19
FILE: admin/view/template/common/menu.tpl
CODE: <li><a class="parent"><?php echo $text_marketing; ?></a>
LINE: 203
FILE: admin/controller/marketing/contact.php
CODE: $this->load->model('sale/customer');
NOT FOUND!
CODE: $email_total = $this->model_sale_customer->getTotalCustomers($customer_data);
NOT FOUND!
CODE: $results = $this->model_sale_customer->getCustomers($customer_data);
NOT FOUND!
CODE: $this->load->model('customer/customer');
LINE: 102
CODE: $email_total = $this->model_customer_customer->getTotalCustomers($customer_data);
LINE: 128
CODE: $results = $this->model_customer_customer->getCustomers($customer_data);
LINE: 130
FILE: admin/controller/tool/backup.php
CODE: $this->error['warning'] = $this->language->get('error_empty');
LINE: 25
CODE: public function index() {
LINE: 10
FILE: admin/view/template/tool/backup.tpl
CODE: <input type="file" name="import" id="input-import" />
LINE: 36
FILE: admin/model/tool/backup.php
CODE: $values .= '\'' . $value . '\', ';
LINE: 81
CODE: $output .= 'TRUNCATE TABLE `' . $table . '`;' . "\n\n";
LINE: 51
CODE: $sql = trim($sql);
LINE: 17
FILE: catalog/controller/common/header.php
CODE: $categories = $this->model_catalog_category->getCategories(0);
LINE: 94
FILE: catalog/controller/common/footer.php
CODE: foreach ($this->model_catalog_information->getInformations() as $result) {
LINE: 26
FILE: system/library/response.php
CODE: if ($this->output) {
LINE: 83
FILE: catalog/model/tool/image.php
CODE: return $this->config->get('config_ssl') . 'image/' . $new_image;
LINE: 37
CODE: return $this->config->get('config_url') . 'image/' . $new_image;
LINE: 39
CODE: public function resize($filename, $width, $height) {
LINE: 2
CODE: $image->resize($width, $height);
LINE: 29
FILE: admin/model/extension/module.php
CODE: $this->db->query("DELETE FROM `" . DB_PREFIX . "layout_module` WHERE `code` LIKE '%." . (int)$module_id . "'");
LINE: 12
CODE: public function deleteModulesByCode($code) {
LINE: 42
FILE: admin/model/design/layout.php
CODE: $query = $this->db->query("SELECT * FROM " . DB_PREFIX . "layout_module WHERE layout_id = '" . (int)$layout_id . "'");
NOT FOUND!
CODE: $query = $this->db->query("SELECT * FROM " . DB_PREFIX . "layout_module WHERE layout_id = '" . (int)$layout_id . "' ORDER BY position ASC, sort_order ASC");
LINE: 98
CODE: $this->db->query("DELETE FROM " . DB_PREFIX . "layout_module WHERE layout_id = '" . (int)$layout_id . "'");
LINE: 33
FILE: catalog/controller/common/content_top.php
CODE: $part = explode('.', $module['code']);
LINE: 63
FILE: catalog/controller/common/content_bottom.php
CODE: $part = explode('.', $module['code']);
LINE: 63
FILE: catalog/controller/common/column_left.php
CODE: $part = explode('.', $module['code']);
LINE: 63
FILE: catalog/controller/common/column_right.php
CODE: $part = explode('.', $module['code']);
LINE: 63
FILE: catalog/model/design/layout.php
CODE: $query = $this->db->query("SELECT * FROM " . DB_PREFIX . "layout_route WHERE '" . $this->db->escape($route) . "' LIKE route AND store_id = '" . (int)$this->config->get('config_store_id') . "' ORDER BY route DESC LIMIT 1");
LINE: 3
CODE: $query = $this->db->query("SELECT * FROM " . DB_PREFIX . "layout_module WHERE layout_id = '" . (int)$layout_id . "' AND position = '" . $this->db->escape($position) . "' ORDER BY sort_order");
LINE: 13
FILE: catalog/controller/product/product.php
CODE: if ((float)$product_info['special']) {
LINE: 322
CODE: $data['products'][] = array(
LINE: 459
CODE: 'special'     => $special,
LINE: 468
FILE: catalog/controller/product/category.php
CODE: $data['products'][] = array(
LINE: 222
CODE: 'special'     => $special,
LINE: 231
FILE: catalog/controller/product/manufacturer.php
CODE: $data['products'][] = array(
LINE: 219
CODE: 'special'     => $special,
LINE: 228
FILE: catalog/controller/product/search.php
CODE: $data['products'][] = array(
LINE: 256
CODE: 'special'     => $special,
LINE: 265
FILE: catalog/controller/product/special.php
CODE: $data['products'][] = array(
LINE: 141
CODE: 'special'     => $special,
LINE: 150
FILE: catalog/controller/checkout/cart.php
CODE: $json['success'] = sprintf($this->language->get('text_success'), $this->url->link('product/product', 'product_id=' . $this->request->post['product_id']), $product_info['name'], $this->url->link('checkout/cart'));
LINE: 351
FILE: catalog/controller/account/wishlist.php
CODE: $json['total'] = sprintf($this->language->get('text_wishlist'), (isset($this->session->data['wishlist']) ? count($this->session->data['wishlist']) : 0));
LINE: 172
FILE: catalog/controller/product/compare.php
CODE: $json['success'] = sprintf($this->language->get('text_success'), $this->url->link('product/product', 'product_id=' . $this->request->post['product_id']), $product_info['name'], $this->url->link('product/compare'));
LINE: 192
FILE: catalog/controller/common/cart.php
CODE: $image = '';
LINE: 67
CODE: $image = '';
LINE: 93
CODE: $data['popup'] = '';
LINE: 286
CODE: $data['thumb'] = '';
LINE: 292
CODE: $data['manufacturer'] = $product_info['manufacturer'];
LINE: 286
CODE: $data['popup'] = $this->model_tool_image->resize($product_info['image'], $this->config->get('config_image_popup_width'), $this->config->get('config_image_popup_height'));
NOT FOUND!
CODE: $this->load->model('catalog/product');
LINE: 159
CODE: if ($product_info['quantity'] <= 0) {
LINE: 305
CODE: 'thumb'       => $image,
LINE: 496
CODE: $this->load->model('catalog/product');
LINE: 8
LINE: 179
CODE: 'thumb'        => $image,
LINE: 121
CODE: $this->load->model('catalog/product');
LINE: 16
LINE: 147
CODE: 'thumb'      => $image,
LINE: 110
CODE: $this->load->model('catalog/product');
LINE: 10
CODE: 'thumb'       => $image,
LINE: 230
CODE: $this->load->model('catalog/product');
LINE: 71
CODE: 'thumb'       => $image,
LINE: 227
CODE: $this->load->model('catalog/product');
LINE: 10
CODE: 'thumb'       => $image,
LINE: 264
CODE: $this->load->model('catalog/product');
LINE: 8
CODE: 'thumb'       => $image,
LINE: 149
FILE: catalog/controller/module/bestseller.php
CODE: $this->load->model('catalog/product');
LINE: 16
CODE: 'thumb'       => $image,
LINE: 61
FILE: catalog/controller/module/latest.php
CODE: $this->load->model('catalog/product');
LINE: 16
CODE: 'thumb'       => $image,
LINE: 68
FILE: catalog/controller/module/special.php
CODE: $this->load->model('catalog/product');
LINE: 16
CODE: 'thumb'       => $image,
LINE: 68
FILE: catalog/controller/module/featured.php
CODE: $this->load->model('catalog/product');
LINE: 16
CODE: 'thumb'       => $image,
LINE: 68
CODE: $data['products'][] = array(
LINE: 500
CODE: 'thumb'       => $image,
LINE: 505
CODE: $data['products'][] = array(
LINE: 234
CODE: 'thumb'       => $image,
LINE: 239
CODE: $data['products'][] = array(
LINE: 231
CODE: 'thumb'       => $image,
LINE: 236
CODE: $data['products'][] = array(
LINE: 268
CODE: 'thumb'       => $image,
LINE: 273
CODE: $data['products'][] = array(
LINE: 153
CODE: 'thumb'       => $image,
LINE: 158
CODE: $data['products'][] = array(
LINE: 65
CODE: 'thumb'       => $image,
LINE: 70
CODE: $data['products'][] = array(
LINE: 72
CODE: 'thumb'       => $image,
LINE: 77
CODE: $data['products'][] = array(
LINE: 72
CODE: 'thumb'       => $image,
LINE: 77
CODE: $data['products'][] = array(
LINE: 72
CODE: 'thumb'       => $image,
LINE: 77
FILE: catalog/controller/feed/google_sitemap.php
CODE: $output .= '</urlset>';
LINE: 85
CODE: $layout_id = 0;
LINE: 22
CODE: $layout_id = 0;
LINE: 22
CODE: $layout_id = 0;
LINE: 22
CODE: $layout_id = 0;
LINE: 22
FILE: admin/controller/common/filemanager.php
CODE: . 'catalog
LINE: 13
LINE: 15
LINE: 70
LINE: 212
LINE: 214
LINE: 288
LINE: 290
LINE: 345
CODE: $name = str_split(basename($image), 14);
LINE: 58
CODE: } elseif (is_file($image)) {
LINE: 92
FILE: admin/view/template/common/filemanager.tpl
CODE: <div class="modal-dialog modal-lg">
LINE: 47
CODE: $('a.directory').on('click', function(e) {
LINE: 120
CODE: //--></script>
LINE: 304
CODE: <?php } else { ?>
NOT FOUND!
FILE: catalog/controller/checkout/checkout.php
CODE: $data['breadcrumbs'] = array();
LINE: 43
FILE: admin/model/localisation/currency.php
CODE: $this->db->query("UPDATE " . DB_PREFIX . "currency SET value = '1.00000', date_modified = '" .  $this->db->escape(date('Y-m-d H:i:s')) . "' WHERE code = '" . $this->db->escape($this->config->get('config_currency')) . "'");
LINE: 150
FILE: catalog/controller/startup/startup.php
CODE: foreach ($query->rows as $result) {
LINE: 30
FILE: catalog/controller/event/theme.php
CODE: $directory = $this->config->get('theme_default_directory');
LINE: 18
----------------------------------------------------------------
MOD: Smartsupp Live Chat
FILE: admin/controller/setting/setting.php
CODE: if (isset($this->request->post['config_comment'])) {
LINE: 520
FILE: admin/view/template/setting/setting.tpl
CODE: <li><a href="#tab-store" data-toggle="tab"><?php echo $tab_store; ?></a></li>
LINE: 37
CODE: <div class="tab-content">
LINE: 64
FILE: catalog/view/theme/default/template/common/header.tpl
CODE: </head>
LINE: 51
FILE: catalog/view/theme/journal2/template/common/header.tpl
CODE: </head>
LINE: 124
----------------------------------------------------------------
